<?xml version="1.0" encoding="UTF-8"?>
<!-- Generated by org.testng.reporters.JUnitReportReporter -->
<testsuite hostname="Girish" failures="0" tests="1" name="practice.AppointmentTest" time="0.006" errors="0" timestamp="2023-08-16T12:37:11 IST" skipped="0">
  <testcase classname="practice.AppointmentTest" name="viewAppointment" time="0.006"/>
  <system-out/>
</testsuite> <!-- practice.AppointmentTest -->
