<?xml version="1.0" encoding="UTF-8"?>
<!-- Generated by org.testng.reporters.JUnitReportReporter -->
<testsuite hostname="Girish" failures="0" tests="1" name="practice.AddPatientTest" time="0.025" errors="0" timestamp="2023-08-16T14:52:18 IST" skipped="0">
  <testcase classname="practice.AddPatientTest" name="addPatientTest" time="0.025"/>
  <system-out/>
</testsuite> <!-- practice.AddPatientTest -->
