<?xml version="1.0" encoding="UTF-8"?>
<!-- Generated by org.testng.reporters.JUnitReportReporter -->
<testsuite hostname="Girish" failures="0" tests="2" name="practice.AppointmentTest" time="0.045" errors="0" timestamp="2023-08-18T12:10:16 IST" skipped="0">
  <testcase classname="practice.AppointmentTest" name="cancelAppointment" time="0.036"/>
  <system-out/>
  <testcase classname="practice.AppointmentTest" name="viewAppointment" time="0.009"/>
  <system-out/>
</testsuite> <!-- practice.AppointmentTest -->
