<?xml version="1.0" encoding="UTF-8"?>
<!-- Generated by org.testng.reporters.JUnitReportReporter -->
<testsuite hostname="Girish" failures="0" tests="2" name="practice.AddPatientTest" time="0.075" errors="0" timestamp="2023-08-18T12:09:59 IST" skipped="0">
  <testcase classname="practice.AddPatientTest" name="managePatientTest" time="0.025"/>
  <system-out/>
  <testcase classname="practice.AddPatientTest" name="addPatientTest" time="0.050"/>
  <system-out/>
</testsuite> <!-- practice.AddPatientTest -->
